2025-04-25 02:04:25,106 - ERROR - ADB command failed: /nix/store/p6k7xp1lsfmbdd731mlglrdj2d66mr82-bash-5.2p37/bin/sh: line 1: adb: command not found

2025-04-25 02:04:25,113 - ERROR - ADB command failed: /nix/store/p6k7xp1lsfmbdd731mlglrdj2d66mr82-bash-5.2p37/bin/sh: line 1: adb: command not found

2025-04-25 02:04:25,113 - ERROR - No devices connected
2025-04-25 02:07:58,193 - DEBUG - Importing AvifImagePlugin
2025-04-25 02:07:58,195 - DEBUG - Importing BlpImagePlugin
2025-04-25 02:07:58,200 - DEBUG - Importing BmpImagePlugin
2025-04-25 02:07:58,200 - DEBUG - Importing BufrStubImagePlugin
2025-04-25 02:07:58,201 - DEBUG - Importing CurImagePlugin
2025-04-25 02:07:58,202 - DEBUG - Importing DcxImagePlugin
2025-04-25 02:07:58,204 - DEBUG - Importing DdsImagePlugin
2025-04-25 02:07:58,211 - DEBUG - Importing EpsImagePlugin
2025-04-25 02:07:58,214 - DEBUG - Importing FitsImagePlugin
2025-04-25 02:07:58,216 - DEBUG - Importing FliImagePlugin
2025-04-25 02:07:58,217 - DEBUG - Importing FpxImagePlugin
2025-04-25 02:07:58,219 - DEBUG - Image: failed to import FpxImagePlugin: No module named 'olefile'
2025-04-25 02:07:58,219 - DEBUG - Importing FtexImagePlugin
2025-04-25 02:07:58,221 - DEBUG - Importing GbrImagePlugin
2025-04-25 02:07:58,222 - DEBUG - Importing GifImagePlugin
2025-04-25 02:07:58,222 - DEBUG - Importing GribStubImagePlugin
2025-04-25 02:07:58,223 - DEBUG - Importing Hdf5StubImagePlugin
2025-04-25 02:07:58,224 - DEBUG - Importing IcnsImagePlugin
2025-04-25 02:07:58,233 - DEBUG - Importing IcoImagePlugin
2025-04-25 02:07:58,236 - DEBUG - Importing ImImagePlugin
2025-04-25 02:07:58,239 - DEBUG - Importing ImtImagePlugin
2025-04-25 02:07:58,241 - DEBUG - Importing IptcImagePlugin
2025-04-25 02:07:58,243 - DEBUG - Importing JpegImagePlugin
2025-04-25 02:07:58,243 - DEBUG - Importing Jpeg2KImagePlugin
2025-04-25 02:07:58,243 - DEBUG - Importing McIdasImagePlugin
2025-04-25 02:07:58,244 - DEBUG - Importing MicImagePlugin
2025-04-25 02:07:58,245 - DEBUG - Image: failed to import MicImagePlugin: No module named 'olefile'
2025-04-25 02:07:58,245 - DEBUG - Importing MpegImagePlugin
2025-04-25 02:07:58,246 - DEBUG - Importing MpoImagePlugin
2025-04-25 02:07:58,272 - DEBUG - Importing MspImagePlugin
2025-04-25 02:07:58,274 - DEBUG - Importing PalmImagePlugin
2025-04-25 02:07:58,279 - DEBUG - Importing PcdImagePlugin
2025-04-25 02:07:58,280 - DEBUG - Importing PcxImagePlugin
2025-04-25 02:07:58,280 - DEBUG - Importing PdfImagePlugin
2025-04-25 02:07:58,295 - DEBUG - Importing PixarImagePlugin
2025-04-25 02:07:58,296 - DEBUG - Importing PngImagePlugin
2025-04-25 02:07:58,296 - DEBUG - Importing PpmImagePlugin
2025-04-25 02:07:58,296 - DEBUG - Importing PsdImagePlugin
2025-04-25 02:07:58,299 - DEBUG - Importing QoiImagePlugin
2025-04-25 02:07:58,301 - DEBUG - Importing SgiImagePlugin
2025-04-25 02:07:58,302 - DEBUG - Importing SpiderImagePlugin
2025-04-25 02:07:58,305 - DEBUG - Importing SunImagePlugin
2025-04-25 02:07:58,307 - DEBUG - Importing TgaImagePlugin
2025-04-25 02:07:58,309 - DEBUG - Importing TiffImagePlugin
2025-04-25 02:07:58,309 - DEBUG - Importing WebPImagePlugin
2025-04-25 02:07:58,312 - DEBUG - Importing WmfImagePlugin
2025-04-25 02:07:58,313 - DEBUG - Importing XbmImagePlugin
2025-04-25 02:07:58,314 - DEBUG - Importing XpmImagePlugin
2025-04-25 02:07:58,315 - DEBUG - Importing XVThumbImagePlugin
2025-04-25 02:08:08,350 - DEBUG - Importing AvifImagePlugin
2025-04-25 02:08:08,350 - DEBUG - Importing BlpImagePlugin
2025-04-25 02:08:08,351 - DEBUG - Importing BmpImagePlugin
2025-04-25 02:08:08,351 - DEBUG - Importing BufrStubImagePlugin
2025-04-25 02:08:08,352 - DEBUG - Importing CurImagePlugin
2025-04-25 02:08:08,352 - DEBUG - Importing DcxImagePlugin
2025-04-25 02:08:08,353 - DEBUG - Importing DdsImagePlugin
2025-04-25 02:08:08,357 - DEBUG - Importing EpsImagePlugin
2025-04-25 02:08:08,358 - DEBUG - Importing FitsImagePlugin
2025-04-25 02:08:08,358 - DEBUG - Importing FliImagePlugin
2025-04-25 02:08:08,358 - DEBUG - Importing FpxImagePlugin
2025-04-25 02:08:08,359 - DEBUG - Image: failed to import FpxImagePlugin: No module named 'olefile'
2025-04-25 02:08:08,359 - DEBUG - Importing FtexImagePlugin
2025-04-25 02:08:08,359 - DEBUG - Importing GbrImagePlugin
2025-04-25 02:08:08,360 - DEBUG - Importing GifImagePlugin
2025-04-25 02:08:08,360 - DEBUG - Importing GribStubImagePlugin
2025-04-25 02:08:08,360 - DEBUG - Importing Hdf5StubImagePlugin
2025-04-25 02:08:08,360 - DEBUG - Importing IcnsImagePlugin
2025-04-25 02:08:08,362 - DEBUG - Importing IcoImagePlugin
2025-04-25 02:08:08,363 - DEBUG - Importing ImImagePlugin
2025-04-25 02:08:08,364 - DEBUG - Importing ImtImagePlugin
2025-04-25 02:08:08,364 - DEBUG - Importing IptcImagePlugin
2025-04-25 02:08:08,365 - DEBUG - Importing JpegImagePlugin
2025-04-25 02:08:08,365 - DEBUG - Importing Jpeg2KImagePlugin
2025-04-25 02:08:08,365 - DEBUG - Importing McIdasImagePlugin
2025-04-25 02:08:08,365 - DEBUG - Importing MicImagePlugin
2025-04-25 02:08:08,365 - DEBUG - Image: failed to import MicImagePlugin: No module named 'olefile'
2025-04-25 02:08:08,365 - DEBUG - Importing MpegImagePlugin
2025-04-25 02:08:08,366 - DEBUG - Importing MpoImagePlugin
2025-04-25 02:08:08,369 - DEBUG - Importing MspImagePlugin
2025-04-25 02:08:08,369 - DEBUG - Importing PalmImagePlugin
2025-04-25 02:08:08,370 - DEBUG - Importing PcdImagePlugin
2025-04-25 02:08:08,370 - DEBUG - Importing PcxImagePlugin
2025-04-25 02:08:08,370 - DEBUG - Importing PdfImagePlugin
2025-04-25 02:08:08,377 - DEBUG - Importing PixarImagePlugin
2025-04-25 02:08:08,377 - DEBUG - Importing PngImagePlugin
2025-04-25 02:08:08,377 - DEBUG - Importing PpmImagePlugin
2025-04-25 02:08:08,377 - DEBUG - Importing PsdImagePlugin
2025-04-25 02:08:08,378 - DEBUG - Importing QoiImagePlugin
2025-04-25 02:08:08,378 - DEBUG - Importing SgiImagePlugin
2025-04-25 02:08:08,378 - DEBUG - Importing SpiderImagePlugin
2025-04-25 02:08:08,379 - DEBUG - Importing SunImagePlugin
2025-04-25 02:08:08,379 - DEBUG - Importing TgaImagePlugin
2025-04-25 02:08:08,379 - DEBUG - Importing TiffImagePlugin
2025-04-25 02:08:08,379 - DEBUG - Importing WebPImagePlugin
2025-04-25 02:08:08,381 - DEBUG - Importing WmfImagePlugin
2025-04-25 02:08:08,381 - DEBUG - Importing XbmImagePlugin
2025-04-25 02:08:08,382 - DEBUG - Importing XpmImagePlugin
2025-04-25 02:08:08,382 - DEBUG - Importing XVThumbImagePlugin
2025-04-25 02:08:25,114 - DEBUG - Importing AvifImagePlugin
2025-04-25 02:08:25,114 - DEBUG - Importing BlpImagePlugin
2025-04-25 02:08:25,115 - DEBUG - Importing BmpImagePlugin
2025-04-25 02:08:25,115 - DEBUG - Importing BufrStubImagePlugin
2025-04-25 02:08:25,116 - DEBUG - Importing CurImagePlugin
2025-04-25 02:08:25,116 - DEBUG - Importing DcxImagePlugin
2025-04-25 02:08:25,116 - DEBUG - Importing DdsImagePlugin
2025-04-25 02:08:25,120 - DEBUG - Importing EpsImagePlugin
2025-04-25 02:08:25,120 - DEBUG - Importing FitsImagePlugin
2025-04-25 02:08:25,121 - DEBUG - Importing FliImagePlugin
2025-04-25 02:08:25,121 - DEBUG - Importing FpxImagePlugin
2025-04-25 02:08:25,121 - DEBUG - Image: failed to import FpxImagePlugin: No module named 'olefile'
2025-04-25 02:08:25,121 - DEBUG - Importing FtexImagePlugin
2025-04-25 02:08:25,122 - DEBUG - Importing GbrImagePlugin
2025-04-25 02:08:25,122 - DEBUG - Importing GifImagePlugin
2025-04-25 02:08:25,122 - DEBUG - Importing GribStubImagePlugin
2025-04-25 02:08:25,122 - DEBUG - Importing Hdf5StubImagePlugin
2025-04-25 02:08:25,123 - DEBUG - Importing IcnsImagePlugin
2025-04-25 02:08:25,124 - DEBUG - Importing IcoImagePlugin
2025-04-25 02:08:25,125 - DEBUG - Importing ImImagePlugin
2025-04-25 02:08:25,125 - DEBUG - Importing ImtImagePlugin
2025-04-25 02:08:25,126 - DEBUG - Importing IptcImagePlugin
2025-04-25 02:08:25,126 - DEBUG - Importing JpegImagePlugin
2025-04-25 02:08:25,126 - DEBUG - Importing Jpeg2KImagePlugin
2025-04-25 02:08:25,126 - DEBUG - Importing McIdasImagePlugin
2025-04-25 02:08:25,127 - DEBUG - Importing MicImagePlugin
2025-04-25 02:08:25,127 - DEBUG - Image: failed to import MicImagePlugin: No module named 'olefile'
2025-04-25 02:08:25,127 - DEBUG - Importing MpegImagePlugin
2025-04-25 02:08:25,127 - DEBUG - Importing MpoImagePlugin
2025-04-25 02:08:25,131 - DEBUG - Importing MspImagePlugin
2025-04-25 02:08:25,131 - DEBUG - Importing PalmImagePlugin
2025-04-25 02:08:25,132 - DEBUG - Importing PcdImagePlugin
2025-04-25 02:08:25,132 - DEBUG - Importing PcxImagePlugin
2025-04-25 02:08:25,132 - DEBUG - Importing PdfImagePlugin
2025-04-25 02:08:25,137 - DEBUG - Importing PixarImagePlugin
2025-04-25 02:08:25,137 - DEBUG - Importing PngImagePlugin
2025-04-25 02:08:25,137 - DEBUG - Importing PpmImagePlugin
2025-04-25 02:08:25,137 - DEBUG - Importing PsdImagePlugin
2025-04-25 02:08:25,138 - DEBUG - Importing QoiImagePlugin
2025-04-25 02:08:25,138 - DEBUG - Importing SgiImagePlugin
2025-04-25 02:08:25,138 - DEBUG - Importing SpiderImagePlugin
2025-04-25 02:08:25,139 - DEBUG - Importing SunImagePlugin
2025-04-25 02:08:25,139 - DEBUG - Importing TgaImagePlugin
2025-04-25 02:08:25,139 - DEBUG - Importing TiffImagePlugin
2025-04-25 02:08:25,139 - DEBUG - Importing WebPImagePlugin
2025-04-25 02:08:25,140 - DEBUG - Importing WmfImagePlugin
2025-04-25 02:08:25,141 - DEBUG - Importing XbmImagePlugin
2025-04-25 02:08:25,141 - DEBUG - Importing XpmImagePlugin
2025-04-25 02:08:25,142 - DEBUG - Importing XVThumbImagePlugin
2025-04-25 02:10:08,184 - DEBUG - Importing AvifImagePlugin
2025-04-25 02:10:08,185 - DEBUG - Importing BlpImagePlugin
2025-04-25 02:10:08,186 - DEBUG - Importing BmpImagePlugin
2025-04-25 02:10:08,186 - DEBUG - Importing BufrStubImagePlugin
2025-04-25 02:10:08,186 - DEBUG - Importing CurImagePlugin
2025-04-25 02:10:08,186 - DEBUG - Importing DcxImagePlugin
2025-04-25 02:10:08,187 - DEBUG - Importing DdsImagePlugin
2025-04-25 02:10:08,191 - DEBUG - Importing EpsImagePlugin
2025-04-25 02:10:08,191 - DEBUG - Importing FitsImagePlugin
2025-04-25 02:10:08,191 - DEBUG - Importing FliImagePlugin
2025-04-25 02:10:08,192 - DEBUG - Importing FpxImagePlugin
2025-04-25 02:10:08,192 - DEBUG - Image: failed to import FpxImagePlugin: No module named 'olefile'
2025-04-25 02:10:08,192 - DEBUG - Importing FtexImagePlugin
2025-04-25 02:10:08,193 - DEBUG - Importing GbrImagePlugin
2025-04-25 02:10:08,193 - DEBUG - Importing GifImagePlugin
2025-04-25 02:10:08,193 - DEBUG - Importing GribStubImagePlugin
2025-04-25 02:10:08,193 - DEBUG - Importing Hdf5StubImagePlugin
2025-04-25 02:10:08,194 - DEBUG - Importing IcnsImagePlugin
2025-04-25 02:10:08,195 - DEBUG - Importing IcoImagePlugin
2025-04-25 02:10:08,196 - DEBUG - Importing ImImagePlugin
2025-04-25 02:10:08,196 - DEBUG - Importing ImtImagePlugin
2025-04-25 02:10:08,197 - DEBUG - Importing IptcImagePlugin
2025-04-25 02:10:08,197 - DEBUG - Importing JpegImagePlugin
2025-04-25 02:10:08,197 - DEBUG - Importing Jpeg2KImagePlugin
2025-04-25 02:10:08,197 - DEBUG - Importing McIdasImagePlugin
2025-04-25 02:10:08,198 - DEBUG - Importing MicImagePlugin
2025-04-25 02:10:08,198 - DEBUG - Image: failed to import MicImagePlugin: No module named 'olefile'
2025-04-25 02:10:08,198 - DEBUG - Importing MpegImagePlugin
2025-04-25 02:10:08,198 - DEBUG - Importing MpoImagePlugin
2025-04-25 02:10:08,202 - DEBUG - Importing MspImagePlugin
2025-04-25 02:10:08,203 - DEBUG - Importing PalmImagePlugin
2025-04-25 02:10:08,203 - DEBUG - Importing PcdImagePlugin
2025-04-25 02:10:08,204 - DEBUG - Importing PcxImagePlugin
2025-04-25 02:10:08,204 - DEBUG - Importing PdfImagePlugin
2025-04-25 02:10:08,209 - DEBUG - Importing PixarImagePlugin
2025-04-25 02:10:08,209 - DEBUG - Importing PngImagePlugin
2025-04-25 02:10:08,209 - DEBUG - Importing PpmImagePlugin
2025-04-25 02:10:08,209 - DEBUG - Importing PsdImagePlugin
2025-04-25 02:10:08,209 - DEBUG - Importing QoiImagePlugin
2025-04-25 02:10:08,210 - DEBUG - Importing SgiImagePlugin
2025-04-25 02:10:08,210 - DEBUG - Importing SpiderImagePlugin
2025-04-25 02:10:08,211 - DEBUG - Importing SunImagePlugin
2025-04-25 02:10:08,211 - DEBUG - Importing TgaImagePlugin
2025-04-25 02:10:08,211 - DEBUG - Importing TiffImagePlugin
2025-04-25 02:10:08,211 - DEBUG - Importing WebPImagePlugin
2025-04-25 02:10:08,212 - DEBUG - Importing WmfImagePlugin
2025-04-25 02:10:08,213 - DEBUG - Importing XbmImagePlugin
2025-04-25 02:10:08,214 - DEBUG - Importing XpmImagePlugin
2025-04-25 02:10:08,214 - DEBUG - Importing XVThumbImagePlugin
2025-04-25 02:10:18,481 - DEBUG - Importing AvifImagePlugin
2025-04-25 02:10:18,482 - DEBUG - Importing BlpImagePlugin
2025-04-25 02:10:18,483 - DEBUG - Importing BmpImagePlugin
2025-04-25 02:10:18,483 - DEBUG - Importing BufrStubImagePlugin
2025-04-25 02:10:18,484 - DEBUG - Importing CurImagePlugin
2025-04-25 02:10:18,484 - DEBUG - Importing DcxImagePlugin
2025-04-25 02:10:18,484 - DEBUG - Importing DdsImagePlugin
2025-04-25 02:10:18,488 - DEBUG - Importing EpsImagePlugin
2025-04-25 02:10:18,488 - DEBUG - Importing FitsImagePlugin
2025-04-25 02:10:18,489 - DEBUG - Importing FliImagePlugin
2025-04-25 02:10:18,489 - DEBUG - Importing FpxImagePlugin
2025-04-25 02:10:18,490 - DEBUG - Image: failed to import FpxImagePlugin: No module named 'olefile'
2025-04-25 02:10:18,490 - DEBUG - Importing FtexImagePlugin
2025-04-25 02:10:18,490 - DEBUG - Importing GbrImagePlugin
2025-04-25 02:10:18,491 - DEBUG - Importing GifImagePlugin
2025-04-25 02:10:18,491 - DEBUG - Importing GribStubImagePlugin
2025-04-25 02:10:18,491 - DEBUG - Importing Hdf5StubImagePlugin
2025-04-25 02:10:18,491 - DEBUG - Importing IcnsImagePlugin
2025-04-25 02:10:18,493 - DEBUG - Importing IcoImagePlugin
2025-04-25 02:10:18,493 - DEBUG - Importing ImImagePlugin
2025-04-25 02:10:18,494 - DEBUG - Importing ImtImagePlugin
2025-04-25 02:10:18,494 - DEBUG - Importing IptcImagePlugin
2025-04-25 02:10:18,495 - DEBUG - Importing JpegImagePlugin
2025-04-25 02:10:18,495 - DEBUG - Importing Jpeg2KImagePlugin
2025-04-25 02:10:18,495 - DEBUG - Importing McIdasImagePlugin
2025-04-25 02:10:18,495 - DEBUG - Importing MicImagePlugin
2025-04-25 02:10:18,496 - DEBUG - Image: failed to import MicImagePlugin: No module named 'olefile'
2025-04-25 02:10:18,496 - DEBUG - Importing MpegImagePlugin
2025-04-25 02:10:18,496 - DEBUG - Importing MpoImagePlugin
2025-04-25 02:10:18,500 - DEBUG - Importing MspImagePlugin
2025-04-25 02:10:18,501 - DEBUG - Importing PalmImagePlugin
2025-04-25 02:10:18,501 - DEBUG - Importing PcdImagePlugin
2025-04-25 02:10:18,502 - DEBUG - Importing PcxImagePlugin
2025-04-25 02:10:18,502 - DEBUG - Importing PdfImagePlugin
2025-04-25 02:10:18,507 - DEBUG - Importing PixarImagePlugin
2025-04-25 02:10:18,508 - DEBUG - Importing PngImagePlugin
2025-04-25 02:10:18,508 - DEBUG - Importing PpmImagePlugin
2025-04-25 02:10:18,508 - DEBUG - Importing PsdImagePlugin
2025-04-25 02:10:18,508 - DEBUG - Importing QoiImagePlugin
2025-04-25 02:10:18,509 - DEBUG - Importing SgiImagePlugin
2025-04-25 02:10:18,509 - DEBUG - Importing SpiderImagePlugin
2025-04-25 02:10:18,509 - DEBUG - Importing SunImagePlugin
2025-04-25 02:10:18,510 - DEBUG - Importing TgaImagePlugin
2025-04-25 02:10:18,510 - DEBUG - Importing TiffImagePlugin
2025-04-25 02:10:18,510 - DEBUG - Importing WebPImagePlugin
2025-04-25 02:10:18,511 - DEBUG - Importing WmfImagePlugin
2025-04-25 02:10:18,512 - DEBUG - Importing XbmImagePlugin
2025-04-25 02:10:18,513 - DEBUG - Importing XpmImagePlugin
2025-04-25 02:10:18,513 - DEBUG - Importing XVThumbImagePlugin
2025-04-25 02:12:05,311 - DEBUG - Importing AvifImagePlugin
2025-04-25 02:12:05,311 - DEBUG - Importing BlpImagePlugin
2025-04-25 02:12:05,312 - DEBUG - Importing BmpImagePlugin
2025-04-25 02:12:05,313 - DEBUG - Importing BufrStubImagePlugin
2025-04-25 02:12:05,313 - DEBUG - Importing CurImagePlugin
2025-04-25 02:12:05,313 - DEBUG - Importing DcxImagePlugin
2025-04-25 02:12:05,314 - DEBUG - Importing DdsImagePlugin
2025-04-25 02:12:05,318 - DEBUG - Importing EpsImagePlugin
2025-04-25 02:12:05,319 - DEBUG - Importing FitsImagePlugin
2025-04-25 02:12:05,320 - DEBUG - Importing FliImagePlugin
2025-04-25 02:12:05,320 - DEBUG - Importing FpxImagePlugin
2025-04-25 02:12:05,320 - DEBUG - Image: failed to import FpxImagePlugin: No module named 'olefile'
2025-04-25 02:12:05,320 - DEBUG - Importing FtexImagePlugin
2025-04-25 02:12:05,321 - DEBUG - Importing GbrImagePlugin
2025-04-25 02:12:05,321 - DEBUG - Importing GifImagePlugin
2025-04-25 02:12:05,321 - DEBUG - Importing GribStubImagePlugin
2025-04-25 02:12:05,321 - DEBUG - Importing Hdf5StubImagePlugin
2025-04-25 02:12:05,322 - DEBUG - Importing IcnsImagePlugin
2025-04-25 02:12:05,323 - DEBUG - Importing IcoImagePlugin
2025-04-25 02:12:05,324 - DEBUG - Importing ImImagePlugin
2025-04-25 02:12:05,325 - DEBUG - Importing ImtImagePlugin
2025-04-25 02:12:05,325 - DEBUG - Importing IptcImagePlugin
2025-04-25 02:12:05,325 - DEBUG - Importing JpegImagePlugin
2025-04-25 02:12:05,325 - DEBUG - Importing Jpeg2KImagePlugin
2025-04-25 02:12:05,326 - DEBUG - Importing McIdasImagePlugin
2025-04-25 02:12:05,326 - DEBUG - Importing MicImagePlugin
2025-04-25 02:12:05,326 - DEBUG - Image: failed to import MicImagePlugin: No module named 'olefile'
2025-04-25 02:12:05,326 - DEBUG - Importing MpegImagePlugin
2025-04-25 02:12:05,327 - DEBUG - Importing MpoImagePlugin
2025-04-25 02:12:05,331 - DEBUG - Importing MspImagePlugin
2025-04-25 02:12:05,331 - DEBUG - Importing PalmImagePlugin
2025-04-25 02:12:05,332 - DEBUG - Importing PcdImagePlugin
2025-04-25 02:12:05,332 - DEBUG - Importing PcxImagePlugin
2025-04-25 02:12:05,332 - DEBUG - Importing PdfImagePlugin
2025-04-25 02:12:05,338 - DEBUG - Importing PixarImagePlugin
2025-04-25 02:12:05,339 - DEBUG - Importing PngImagePlugin
2025-04-25 02:12:05,339 - DEBUG - Importing PpmImagePlugin
2025-04-25 02:12:05,339 - DEBUG - Importing PsdImagePlugin
2025-04-25 02:12:05,339 - DEBUG - Importing QoiImagePlugin
2025-04-25 02:12:05,339 - DEBUG - Importing SgiImagePlugin
2025-04-25 02:12:05,340 - DEBUG - Importing SpiderImagePlugin
2025-04-25 02:12:05,340 - DEBUG - Importing SunImagePlugin
2025-04-25 02:12:05,340 - DEBUG - Importing TgaImagePlugin
2025-04-25 02:12:05,341 - DEBUG - Importing TiffImagePlugin
2025-04-25 02:12:05,341 - DEBUG - Importing WebPImagePlugin
2025-04-25 02:12:05,342 - DEBUG - Importing WmfImagePlugin
2025-04-25 02:12:05,343 - DEBUG - Importing XbmImagePlugin
2025-04-25 02:12:05,344 - DEBUG - Importing XpmImagePlugin
2025-04-25 02:12:05,344 - DEBUG - Importing XVThumbImagePlugin
2025-04-25 02:12:15,469 - DEBUG - Importing AvifImagePlugin
2025-04-25 02:12:15,469 - DEBUG - Importing BlpImagePlugin
2025-04-25 02:12:15,470 - DEBUG - Importing BmpImagePlugin
2025-04-25 02:12:15,471 - DEBUG - Importing BufrStubImagePlugin
2025-04-25 02:12:15,471 - DEBUG - Importing CurImagePlugin
2025-04-25 02:12:15,471 - DEBUG - Importing DcxImagePlugin
2025-04-25 02:12:15,472 - DEBUG - Importing DdsImagePlugin
2025-04-25 02:12:15,476 - DEBUG - Importing EpsImagePlugin
2025-04-25 02:12:15,476 - DEBUG - Importing FitsImagePlugin
2025-04-25 02:12:15,477 - DEBUG - Importing FliImagePlugin
2025-04-25 02:12:15,477 - DEBUG - Importing FpxImagePlugin
2025-04-25 02:12:15,478 - DEBUG - Image: failed to import FpxImagePlugin: No module named 'olefile'
2025-04-25 02:12:15,478 - DEBUG - Importing FtexImagePlugin
2025-04-25 02:12:15,478 - DEBUG - Importing GbrImagePlugin
2025-04-25 02:12:15,478 - DEBUG - Importing GifImagePlugin
2025-04-25 02:12:15,479 - DEBUG - Importing GribStubImagePlugin
2025-04-25 02:12:15,479 - DEBUG - Importing Hdf5StubImagePlugin
2025-04-25 02:12:15,479 - DEBUG - Importing IcnsImagePlugin
2025-04-25 02:12:15,480 - DEBUG - Importing IcoImagePlugin
2025-04-25 02:12:15,481 - DEBUG - Importing ImImagePlugin
2025-04-25 02:12:15,481 - DEBUG - Importing ImtImagePlugin
2025-04-25 02:12:15,482 - DEBUG - Importing IptcImagePlugin
2025-04-25 02:12:15,482 - DEBUG - Importing JpegImagePlugin
2025-04-25 02:12:15,482 - DEBUG - Importing Jpeg2KImagePlugin
2025-04-25 02:12:15,482 - DEBUG - Importing McIdasImagePlugin
2025-04-25 02:12:15,483 - DEBUG - Importing MicImagePlugin
2025-04-25 02:12:15,483 - DEBUG - Image: failed to import MicImagePlugin: No module named 'olefile'
2025-04-25 02:12:15,483 - DEBUG - Importing MpegImagePlugin
2025-04-25 02:12:15,483 - DEBUG - Importing MpoImagePlugin
2025-04-25 02:12:15,487 - DEBUG - Importing MspImagePlugin
2025-04-25 02:12:15,487 - DEBUG - Importing PalmImagePlugin
2025-04-25 02:12:15,488 - DEBUG - Importing PcdImagePlugin
2025-04-25 02:12:15,488 - DEBUG - Importing PcxImagePlugin
2025-04-25 02:12:15,488 - DEBUG - Importing PdfImagePlugin
2025-04-25 02:12:15,493 - DEBUG - Importing PixarImagePlugin
2025-04-25 02:12:15,494 - DEBUG - Importing PngImagePlugin
2025-04-25 02:12:15,494 - DEBUG - Importing PpmImagePlugin
2025-04-25 02:12:15,494 - DEBUG - Importing PsdImagePlugin
2025-04-25 02:12:15,494 - DEBUG - Importing QoiImagePlugin
2025-04-25 02:12:15,495 - DEBUG - Importing SgiImagePlugin
2025-04-25 02:12:15,495 - DEBUG - Importing SpiderImagePlugin
2025-04-25 02:12:15,495 - DEBUG - Importing SunImagePlugin
2025-04-25 02:12:15,496 - DEBUG - Importing TgaImagePlugin
2025-04-25 02:12:15,496 - DEBUG - Importing TiffImagePlugin
2025-04-25 02:12:15,496 - DEBUG - Importing WebPImagePlugin
2025-04-25 02:12:15,497 - DEBUG - Importing WmfImagePlugin
2025-04-25 02:12:15,498 - DEBUG - Importing XbmImagePlugin
2025-04-25 02:12:15,499 - DEBUG - Importing XpmImagePlugin
2025-04-25 02:12:15,500 - DEBUG - Importing XVThumbImagePlugin
2025-04-25 02:13:27,920 - DEBUG - Importing AvifImagePlugin
2025-04-25 02:13:27,920 - DEBUG - Importing BlpImagePlugin
2025-04-25 02:13:27,921 - DEBUG - Importing BmpImagePlugin
2025-04-25 02:13:27,921 - DEBUG - Importing BufrStubImagePlugin
2025-04-25 02:13:27,921 - DEBUG - Importing CurImagePlugin
2025-04-25 02:13:27,922 - DEBUG - Importing DcxImagePlugin
2025-04-25 02:13:27,922 - DEBUG - Importing DdsImagePlugin
2025-04-25 02:13:27,925 - DEBUG - Importing EpsImagePlugin
2025-04-25 02:13:27,926 - DEBUG - Importing FitsImagePlugin
2025-04-25 02:13:27,926 - DEBUG - Importing FliImagePlugin
2025-04-25 02:13:27,927 - DEBUG - Importing FpxImagePlugin
2025-04-25 02:13:27,927 - DEBUG - Image: failed to import FpxImagePlugin: No module named 'olefile'
2025-04-25 02:13:27,927 - DEBUG - Importing FtexImagePlugin
2025-04-25 02:13:27,927 - DEBUG - Importing GbrImagePlugin
2025-04-25 02:13:27,928 - DEBUG - Importing GifImagePlugin
2025-04-25 02:13:27,928 - DEBUG - Importing GribStubImagePlugin
2025-04-25 02:13:27,928 - DEBUG - Importing Hdf5StubImagePlugin
2025-04-25 02:13:27,928 - DEBUG - Importing IcnsImagePlugin
2025-04-25 02:13:27,929 - DEBUG - Importing IcoImagePlugin
2025-04-25 02:13:27,929 - DEBUG - Importing ImImagePlugin
2025-04-25 02:13:27,930 - DEBUG - Importing ImtImagePlugin
2025-04-25 02:13:27,930 - DEBUG - Importing IptcImagePlugin
2025-04-25 02:13:27,930 - DEBUG - Importing JpegImagePlugin
2025-04-25 02:13:27,931 - DEBUG - Importing Jpeg2KImagePlugin
2025-04-25 02:13:27,931 - DEBUG - Importing McIdasImagePlugin
2025-04-25 02:13:27,931 - DEBUG - Importing MicImagePlugin
2025-04-25 02:13:27,931 - DEBUG - Image: failed to import MicImagePlugin: No module named 'olefile'
2025-04-25 02:13:27,931 - DEBUG - Importing MpegImagePlugin
2025-04-25 02:13:27,931 - DEBUG - Importing MpoImagePlugin
2025-04-25 02:13:27,934 - DEBUG - Importing MspImagePlugin
2025-04-25 02:13:27,935 - DEBUG - Importing PalmImagePlugin
2025-04-25 02:13:27,935 - DEBUG - Importing PcdImagePlugin
2025-04-25 02:13:27,935 - DEBUG - Importing PcxImagePlugin
2025-04-25 02:13:27,935 - DEBUG - Importing PdfImagePlugin
2025-04-25 02:13:27,940 - DEBUG - Importing PixarImagePlugin
2025-04-25 02:13:27,940 - DEBUG - Importing PngImagePlugin
2025-04-25 02:13:27,941 - DEBUG - Importing PpmImagePlugin
2025-04-25 02:13:27,941 - DEBUG - Importing PsdImagePlugin
2025-04-25 02:13:27,941 - DEBUG - Importing QoiImagePlugin
2025-04-25 02:13:27,941 - DEBUG - Importing SgiImagePlugin
2025-04-25 02:13:27,941 - DEBUG - Importing SpiderImagePlugin
2025-04-25 02:13:27,942 - DEBUG - Importing SunImagePlugin
2025-04-25 02:13:27,942 - DEBUG - Importing TgaImagePlugin
2025-04-25 02:13:27,942 - DEBUG - Importing TiffImagePlugin
2025-04-25 02:13:27,942 - DEBUG - Importing WebPImagePlugin
2025-04-25 02:13:27,943 - DEBUG - Importing WmfImagePlugin
2025-04-25 02:13:27,943 - DEBUG - Importing XbmImagePlugin
2025-04-25 02:13:27,944 - DEBUG - Importing XpmImagePlugin
2025-04-25 02:13:27,944 - DEBUG - Importing XVThumbImagePlugin
2025-04-25 02:13:38,072 - DEBUG - Importing AvifImagePlugin
2025-04-25 02:13:38,073 - DEBUG - Importing BlpImagePlugin
2025-04-25 02:13:38,073 - DEBUG - Importing BmpImagePlugin
2025-04-25 02:13:38,073 - DEBUG - Importing BufrStubImagePlugin
2025-04-25 02:13:38,074 - DEBUG - Importing CurImagePlugin
2025-04-25 02:13:38,074 - DEBUG - Importing DcxImagePlugin
2025-04-25 02:13:38,074 - DEBUG - Importing DdsImagePlugin
2025-04-25 02:13:38,079 - DEBUG - Importing EpsImagePlugin
2025-04-25 02:13:38,080 - DEBUG - Importing FitsImagePlugin
2025-04-25 02:13:38,080 - DEBUG - Importing FliImagePlugin
2025-04-25 02:13:38,081 - DEBUG - Importing FpxImagePlugin
2025-04-25 02:13:38,081 - DEBUG - Image: failed to import FpxImagePlugin: No module named 'olefile'
2025-04-25 02:13:38,081 - DEBUG - Importing FtexImagePlugin
2025-04-25 02:13:38,082 - DEBUG - Importing GbrImagePlugin
2025-04-25 02:13:38,082 - DEBUG - Importing GifImagePlugin
2025-04-25 02:13:38,082 - DEBUG - Importing GribStubImagePlugin
2025-04-25 02:13:38,082 - DEBUG - Importing Hdf5StubImagePlugin
2025-04-25 02:13:38,082 - DEBUG - Importing IcnsImagePlugin
2025-04-25 02:13:38,083 - DEBUG - Importing IcoImagePlugin
2025-04-25 02:13:38,084 - DEBUG - Importing ImImagePlugin
2025-04-25 02:13:38,084 - DEBUG - Importing ImtImagePlugin
2025-04-25 02:13:38,085 - DEBUG - Importing IptcImagePlugin
2025-04-25 02:13:38,085 - DEBUG - Importing JpegImagePlugin
2025-04-25 02:13:38,085 - DEBUG - Importing Jpeg2KImagePlugin
2025-04-25 02:13:38,085 - DEBUG - Importing McIdasImagePlugin
2025-04-25 02:13:38,086 - DEBUG - Importing MicImagePlugin
2025-04-25 02:13:38,086 - DEBUG - Image: failed to import MicImagePlugin: No module named 'olefile'
2025-04-25 02:13:38,086 - DEBUG - Importing MpegImagePlugin
2025-04-25 02:13:38,086 - DEBUG - Importing MpoImagePlugin
2025-04-25 02:13:38,089 - DEBUG - Importing MspImagePlugin
2025-04-25 02:13:38,090 - DEBUG - Importing PalmImagePlugin
2025-04-25 02:13:38,090 - DEBUG - Importing PcdImagePlugin
2025-04-25 02:13:38,091 - DEBUG - Importing PcxImagePlugin
2025-04-25 02:13:38,091 - DEBUG - Importing PdfImagePlugin
2025-04-25 02:13:38,095 - DEBUG - Importing PixarImagePlugin
2025-04-25 02:13:38,096 - DEBUG - Importing PngImagePlugin
2025-04-25 02:13:38,096 - DEBUG - Importing PpmImagePlugin
2025-04-25 02:13:38,096 - DEBUG - Importing PsdImagePlugin
2025-04-25 02:13:38,096 - DEBUG - Importing QoiImagePlugin
2025-04-25 02:13:38,096 - DEBUG - Importing SgiImagePlugin
2025-04-25 02:13:38,097 - DEBUG - Importing SpiderImagePlugin
2025-04-25 02:13:38,097 - DEBUG - Importing SunImagePlugin
2025-04-25 02:13:38,098 - DEBUG - Importing TgaImagePlugin
2025-04-25 02:13:38,098 - DEBUG - Importing TiffImagePlugin
2025-04-25 02:13:38,098 - DEBUG - Importing WebPImagePlugin
2025-04-25 02:13:38,099 - DEBUG - Importing WmfImagePlugin
2025-04-25 02:13:38,100 - DEBUG - Importing XbmImagePlugin
2025-04-25 02:13:38,101 - DEBUG - Importing XpmImagePlugin
2025-04-25 02:13:38,101 - DEBUG - Importing XVThumbImagePlugin
2025-04-25 02:14:02,493 - DEBUG - Importing AvifImagePlugin
2025-04-25 02:14:02,494 - DEBUG - Importing BlpImagePlugin
2025-04-25 02:14:02,495 - DEBUG - Importing BmpImagePlugin
2025-04-25 02:14:02,495 - DEBUG - Importing BufrStubImagePlugin
2025-04-25 02:14:02,495 - DEBUG - Importing CurImagePlugin
2025-04-25 02:14:02,496 - DEBUG - Importing DcxImagePlugin
2025-04-25 02:14:02,496 - DEBUG - Importing DdsImagePlugin
2025-04-25 02:14:02,500 - DEBUG - Importing EpsImagePlugin
2025-04-25 02:14:02,500 - DEBUG - Importing FitsImagePlugin
2025-04-25 02:14:02,501 - DEBUG - Importing FliImagePlugin
2025-04-25 02:14:02,501 - DEBUG - Importing FpxImagePlugin
2025-04-25 02:14:02,502 - DEBUG - Image: failed to import FpxImagePlugin: No module named 'olefile'
2025-04-25 02:14:02,502 - DEBUG - Importing FtexImagePlugin
2025-04-25 02:14:02,502 - DEBUG - Importing GbrImagePlugin
2025-04-25 02:14:02,502 - DEBUG - Importing GifImagePlugin
2025-04-25 02:14:02,503 - DEBUG - Importing GribStubImagePlugin
2025-04-25 02:14:02,503 - DEBUG - Importing Hdf5StubImagePlugin
2025-04-25 02:14:02,503 - DEBUG - Importing IcnsImagePlugin
2025-04-25 02:14:02,504 - DEBUG - Importing IcoImagePlugin
2025-04-25 02:14:02,505 - DEBUG - Importing ImImagePlugin
2025-04-25 02:14:02,506 - DEBUG - Importing ImtImagePlugin
2025-04-25 02:14:02,506 - DEBUG - Importing IptcImagePlugin
2025-04-25 02:14:02,506 - DEBUG - Importing JpegImagePlugin
2025-04-25 02:14:02,506 - DEBUG - Importing Jpeg2KImagePlugin
2025-04-25 02:14:02,507 - DEBUG - Importing McIdasImagePlugin
2025-04-25 02:14:02,507 - DEBUG - Importing MicImagePlugin
2025-04-25 02:14:02,507 - DEBUG - Image: failed to import MicImagePlugin: No module named 'olefile'
2025-04-25 02:14:02,507 - DEBUG - Importing MpegImagePlugin
2025-04-25 02:14:02,508 - DEBUG - Importing MpoImagePlugin
2025-04-25 02:14:02,511 - DEBUG - Importing MspImagePlugin
2025-04-25 02:14:02,511 - DEBUG - Importing PalmImagePlugin
2025-04-25 02:14:02,512 - DEBUG - Importing PcdImagePlugin
2025-04-25 02:14:02,512 - DEBUG - Importing PcxImagePlugin
2025-04-25 02:14:02,512 - DEBUG - Importing PdfImagePlugin
2025-04-25 02:14:02,517 - DEBUG - Importing PixarImagePlugin
2025-04-25 02:14:02,518 - DEBUG - Importing PngImagePlugin
2025-04-25 02:14:02,518 - DEBUG - Importing PpmImagePlugin
2025-04-25 02:14:02,518 - DEBUG - Importing PsdImagePlugin
2025-04-25 02:14:02,518 - DEBUG - Importing QoiImagePlugin
2025-04-25 02:14:02,519 - DEBUG - Importing SgiImagePlugin
2025-04-25 02:14:02,519 - DEBUG - Importing SpiderImagePlugin
2025-04-25 02:14:02,519 - DEBUG - Importing SunImagePlugin
2025-04-25 02:14:02,520 - DEBUG - Importing TgaImagePlugin
2025-04-25 02:14:02,520 - DEBUG - Importing TiffImagePlugin
2025-04-25 02:14:02,520 - DEBUG - Importing WebPImagePlugin
2025-04-25 02:14:02,521 - DEBUG - Importing WmfImagePlugin
2025-04-25 02:14:02,521 - DEBUG - Importing XbmImagePlugin
2025-04-25 02:14:02,522 - DEBUG - Importing XpmImagePlugin
2025-04-25 02:14:02,523 - DEBUG - Importing XVThumbImagePlugin
2025-04-25 02:14:49,680 - DEBUG - Importing AvifImagePlugin
2025-04-25 02:14:49,680 - DEBUG - Importing BlpImagePlugin
2025-04-25 02:14:49,681 - DEBUG - Importing BmpImagePlugin
2025-04-25 02:14:49,681 - DEBUG - Importing BufrStubImagePlugin
2025-04-25 02:14:49,682 - DEBUG - Importing CurImagePlugin
2025-04-25 02:14:49,682 - DEBUG - Importing DcxImagePlugin
2025-04-25 02:14:49,683 - DEBUG - Importing DdsImagePlugin
2025-04-25 02:14:49,688 - DEBUG - Importing EpsImagePlugin
2025-04-25 02:14:49,688 - DEBUG - Importing FitsImagePlugin
2025-04-25 02:14:49,689 - DEBUG - Importing FliImagePlugin
2025-04-25 02:14:49,689 - DEBUG - Importing FpxImagePlugin
2025-04-25 02:14:49,690 - DEBUG - Image: failed to import FpxImagePlugin: No module named 'olefile'
2025-04-25 02:14:49,690 - DEBUG - Importing FtexImagePlugin
2025-04-25 02:14:49,690 - DEBUG - Importing GbrImagePlugin
2025-04-25 02:14:49,690 - DEBUG - Importing GifImagePlugin
2025-04-25 02:14:49,690 - DEBUG - Importing GribStubImagePlugin
2025-04-25 02:14:49,691 - DEBUG - Importing Hdf5StubImagePlugin
2025-04-25 02:14:49,691 - DEBUG - Importing IcnsImagePlugin
2025-04-25 02:14:49,692 - DEBUG - Importing IcoImagePlugin
2025-04-25 02:14:49,693 - DEBUG - Importing ImImagePlugin
2025-04-25 02:14:49,694 - DEBUG - Importing ImtImagePlugin
2025-04-25 02:14:49,694 - DEBUG - Importing IptcImagePlugin
2025-04-25 02:14:49,694 - DEBUG - Importing JpegImagePlugin
2025-04-25 02:14:49,694 - DEBUG - Importing Jpeg2KImagePlugin
2025-04-25 02:14:49,695 - DEBUG - Importing McIdasImagePlugin
2025-04-25 02:14:49,695 - DEBUG - Importing MicImagePlugin
2025-04-25 02:14:49,695 - DEBUG - Image: failed to import MicImagePlugin: No module named 'olefile'
2025-04-25 02:14:49,695 - DEBUG - Importing MpegImagePlugin
2025-04-25 02:14:49,696 - DEBUG - Importing MpoImagePlugin
2025-04-25 02:14:49,699 - DEBUG - Importing MspImagePlugin
2025-04-25 02:14:49,699 - DEBUG - Importing PalmImagePlugin
2025-04-25 02:14:49,700 - DEBUG - Importing PcdImagePlugin
2025-04-25 02:14:49,701 - DEBUG - Importing PcxImagePlugin
2025-04-25 02:14:49,701 - DEBUG - Importing PdfImagePlugin
2025-04-25 02:14:49,706 - DEBUG - Importing PixarImagePlugin
2025-04-25 02:14:49,706 - DEBUG - Importing PngImagePlugin
2025-04-25 02:14:49,707 - DEBUG - Importing PpmImagePlugin
2025-04-25 02:14:49,707 - DEBUG - Importing PsdImagePlugin
2025-04-25 02:14:49,707 - DEBUG - Importing QoiImagePlugin
2025-04-25 02:14:49,707 - DEBUG - Importing SgiImagePlugin
2025-04-25 02:14:49,708 - DEBUG - Importing SpiderImagePlugin
2025-04-25 02:14:49,708 - DEBUG - Importing SunImagePlugin
2025-04-25 02:14:49,708 - DEBUG - Importing TgaImagePlugin
2025-04-25 02:14:49,709 - DEBUG - Importing TiffImagePlugin
2025-04-25 02:14:49,709 - DEBUG - Importing WebPImagePlugin
2025-04-25 02:14:49,710 - DEBUG - Importing WmfImagePlugin
2025-04-25 02:14:49,710 - DEBUG - Importing XbmImagePlugin
2025-04-25 02:14:49,712 - DEBUG - Importing XpmImagePlugin
2025-04-25 02:14:49,712 - DEBUG - Importing XVThumbImagePlugin
2025-04-25 02:16:28,603 - DEBUG - Importing AvifImagePlugin
2025-04-25 02:16:28,605 - DEBUG - Importing BlpImagePlugin
2025-04-25 02:16:28,606 - DEBUG - Importing BmpImagePlugin
2025-04-25 02:16:28,606 - DEBUG - Importing BufrStubImagePlugin
2025-04-25 02:16:28,606 - DEBUG - Importing CurImagePlugin
2025-04-25 02:16:28,606 - DEBUG - Importing DcxImagePlugin
2025-04-25 02:16:28,607 - DEBUG - Importing DdsImagePlugin
2025-04-25 02:16:28,612 - DEBUG - Importing EpsImagePlugin
2025-04-25 02:16:28,612 - DEBUG - Importing FitsImagePlugin
2025-04-25 02:16:28,613 - DEBUG - Importing FliImagePlugin
2025-04-25 02:16:28,613 - DEBUG - Importing FpxImagePlugin
2025-04-25 02:16:28,614 - DEBUG - Image: failed to import FpxImagePlugin: No module named 'olefile'
2025-04-25 02:16:28,614 - DEBUG - Importing FtexImagePlugin
2025-04-25 02:16:28,614 - DEBUG - Importing GbrImagePlugin
2025-04-25 02:16:28,615 - DEBUG - Importing GifImagePlugin
2025-04-25 02:16:28,615 - DEBUG - Importing GribStubImagePlugin
2025-04-25 02:16:28,615 - DEBUG - Importing Hdf5StubImagePlugin
2025-04-25 02:16:28,615 - DEBUG - Importing IcnsImagePlugin
2025-04-25 02:16:28,616 - DEBUG - Importing IcoImagePlugin
2025-04-25 02:16:28,617 - DEBUG - Importing ImImagePlugin
2025-04-25 02:16:28,618 - DEBUG - Importing ImtImagePlugin
2025-04-25 02:16:28,618 - DEBUG - Importing IptcImagePlugin
2025-04-25 02:16:28,619 - DEBUG - Importing JpegImagePlugin
2025-04-25 02:16:28,619 - DEBUG - Importing Jpeg2KImagePlugin
2025-04-25 02:16:28,619 - DEBUG - Importing McIdasImagePlugin
2025-04-25 02:16:28,619 - DEBUG - Importing MicImagePlugin
2025-04-25 02:16:28,620 - DEBUG - Image: failed to import MicImagePlugin: No module named 'olefile'
2025-04-25 02:16:28,620 - DEBUG - Importing MpegImagePlugin
2025-04-25 02:16:28,620 - DEBUG - Importing MpoImagePlugin
2025-04-25 02:16:28,624 - DEBUG - Importing MspImagePlugin
2025-04-25 02:16:28,624 - DEBUG - Importing PalmImagePlugin
2025-04-25 02:16:28,625 - DEBUG - Importing PcdImagePlugin
2025-04-25 02:16:28,625 - DEBUG - Importing PcxImagePlugin
2025-04-25 02:16:28,625 - DEBUG - Importing PdfImagePlugin
2025-04-25 02:16:28,629 - DEBUG - Importing PixarImagePlugin
2025-04-25 02:16:28,630 - DEBUG - Importing PngImagePlugin
2025-04-25 02:16:28,630 - DEBUG - Importing PpmImagePlugin
2025-04-25 02:16:28,630 - DEBUG - Importing PsdImagePlugin
2025-04-25 02:16:28,630 - DEBUG - Importing QoiImagePlugin
2025-04-25 02:16:28,630 - DEBUG - Importing SgiImagePlugin
2025-04-25 02:16:28,631 - DEBUG - Importing SpiderImagePlugin
2025-04-25 02:16:28,631 - DEBUG - Importing SunImagePlugin
2025-04-25 02:16:28,631 - DEBUG - Importing TgaImagePlugin
2025-04-25 02:16:28,631 - DEBUG - Importing TiffImagePlugin
2025-04-25 02:16:28,632 - DEBUG - Importing WebPImagePlugin
2025-04-25 02:16:28,632 - DEBUG - Importing WmfImagePlugin
2025-04-25 02:16:28,633 - DEBUG - Importing XbmImagePlugin
2025-04-25 02:16:28,634 - DEBUG - Importing XpmImagePlugin
2025-04-25 02:16:28,634 - DEBUG - Importing XVThumbImagePlugin
2025-04-25 02:17:23,820 - DEBUG - Importing AvifImagePlugin
2025-04-25 02:17:23,821 - DEBUG - Importing BlpImagePlugin
2025-04-25 02:17:23,821 - DEBUG - Importing BmpImagePlugin
2025-04-25 02:17:23,821 - DEBUG - Importing BufrStubImagePlugin
2025-04-25 02:17:23,822 - DEBUG - Importing CurImagePlugin
2025-04-25 02:17:23,822 - DEBUG - Importing DcxImagePlugin
2025-04-25 02:17:23,823 - DEBUG - Importing DdsImagePlugin
2025-04-25 02:17:23,826 - DEBUG - Importing EpsImagePlugin
2025-04-25 02:17:23,827 - DEBUG - Importing FitsImagePlugin
2025-04-25 02:17:23,827 - DEBUG - Importing FliImagePlugin
2025-04-25 02:17:23,827 - DEBUG - Importing FpxImagePlugin
2025-04-25 02:17:23,827 - DEBUG - Image: failed to import FpxImagePlugin: No module named 'olefile'
2025-04-25 02:17:23,828 - DEBUG - Importing FtexImagePlugin
2025-04-25 02:17:23,828 - DEBUG - Importing GbrImagePlugin
2025-04-25 02:17:23,828 - DEBUG - Importing GifImagePlugin
2025-04-25 02:17:23,828 - DEBUG - Importing GribStubImagePlugin
2025-04-25 02:17:23,828 - DEBUG - Importing Hdf5StubImagePlugin
2025-04-25 02:17:23,828 - DEBUG - Importing IcnsImagePlugin
2025-04-25 02:17:23,829 - DEBUG - Importing IcoImagePlugin
2025-04-25 02:17:23,830 - DEBUG - Importing ImImagePlugin
2025-04-25 02:17:23,830 - DEBUG - Importing ImtImagePlugin
2025-04-25 02:17:23,831 - DEBUG - Importing IptcImagePlugin
2025-04-25 02:17:23,831 - DEBUG - Importing JpegImagePlugin
2025-04-25 02:17:23,831 - DEBUG - Importing Jpeg2KImagePlugin
2025-04-25 02:17:23,831 - DEBUG - Importing McIdasImagePlugin
2025-04-25 02:17:23,831 - DEBUG - Importing MicImagePlugin
2025-04-25 02:17:23,831 - DEBUG - Image: failed to import MicImagePlugin: No module named 'olefile'
2025-04-25 02:17:23,832 - DEBUG - Importing MpegImagePlugin
2025-04-25 02:17:23,832 - DEBUG - Importing MpoImagePlugin
2025-04-25 02:17:23,835 - DEBUG - Importing MspImagePlugin
2025-04-25 02:17:23,835 - DEBUG - Importing PalmImagePlugin
2025-04-25 02:17:23,836 - DEBUG - Importing PcdImagePlugin
2025-04-25 02:17:23,836 - DEBUG - Importing PcxImagePlugin
2025-04-25 02:17:23,836 - DEBUG - Importing PdfImagePlugin
2025-04-25 02:17:23,841 - DEBUG - Importing PixarImagePlugin
2025-04-25 02:17:23,842 - DEBUG - Importing PngImagePlugin
2025-04-25 02:17:23,842 - DEBUG - Importing PpmImagePlugin
2025-04-25 02:17:23,842 - DEBUG - Importing PsdImagePlugin
2025-04-25 02:17:23,842 - DEBUG - Importing QoiImagePlugin
2025-04-25 02:17:23,842 - DEBUG - Importing SgiImagePlugin
2025-04-25 02:17:23,843 - DEBUG - Importing SpiderImagePlugin
2025-04-25 02:17:23,843 - DEBUG - Importing SunImagePlugin
2025-04-25 02:17:23,843 - DEBUG - Importing TgaImagePlugin
2025-04-25 02:17:23,843 - DEBUG - Importing TiffImagePlugin
2025-04-25 02:17:23,844 - DEBUG - Importing WebPImagePlugin
2025-04-25 02:17:23,845 - DEBUG - Importing WmfImagePlugin
2025-04-25 02:17:23,845 - DEBUG - Importing XbmImagePlugin
2025-04-25 02:17:23,846 - DEBUG - Importing XpmImagePlugin
2025-04-25 02:17:23,846 - DEBUG - Importing XVThumbImagePlugin
2025-04-25 02:17:59,473 - DEBUG - Importing AvifImagePlugin
2025-04-25 02:17:59,473 - DEBUG - Importing BlpImagePlugin
2025-04-25 02:17:59,474 - DEBUG - Importing BmpImagePlugin
2025-04-25 02:17:59,474 - DEBUG - Importing BufrStubImagePlugin
2025-04-25 02:17:59,475 - DEBUG - Importing CurImagePlugin
2025-04-25 02:17:59,475 - DEBUG - Importing DcxImagePlugin
2025-04-25 02:17:59,476 - DEBUG - Importing DdsImagePlugin
2025-04-25 02:17:59,483 - DEBUG - Importing EpsImagePlugin
2025-04-25 02:17:59,484 - DEBUG - Importing FitsImagePlugin
2025-04-25 02:17:59,484 - DEBUG - Importing FliImagePlugin
2025-04-25 02:17:59,484 - DEBUG - Importing FpxImagePlugin
2025-04-25 02:17:59,485 - DEBUG - Image: failed to import FpxImagePlugin: No module named 'olefile'
2025-04-25 02:17:59,485 - DEBUG - Importing FtexImagePlugin
2025-04-25 02:17:59,485 - DEBUG - Importing GbrImagePlugin
2025-04-25 02:17:59,486 - DEBUG - Importing GifImagePlugin
2025-04-25 02:17:59,486 - DEBUG - Importing GribStubImagePlugin
2025-04-25 02:17:59,486 - DEBUG - Importing Hdf5StubImagePlugin
2025-04-25 02:17:59,486 - DEBUG - Importing IcnsImagePlugin
2025-04-25 02:17:59,487 - DEBUG - Importing IcoImagePlugin
2025-04-25 02:17:59,488 - DEBUG - Importing ImImagePlugin
2025-04-25 02:17:59,489 - DEBUG - Importing ImtImagePlugin
2025-04-25 02:17:59,489 - DEBUG - Importing IptcImagePlugin
2025-04-25 02:17:59,490 - DEBUG - Importing JpegImagePlugin
2025-04-25 02:17:59,490 - DEBUG - Importing Jpeg2KImagePlugin
2025-04-25 02:17:59,490 - DEBUG - Importing McIdasImagePlugin
2025-04-25 02:17:59,490 - DEBUG - Importing MicImagePlugin
2025-04-25 02:17:59,491 - DEBUG - Image: failed to import MicImagePlugin: No module named 'olefile'
2025-04-25 02:17:59,491 - DEBUG - Importing MpegImagePlugin
2025-04-25 02:17:59,491 - DEBUG - Importing MpoImagePlugin
2025-04-25 02:17:59,495 - DEBUG - Importing MspImagePlugin
2025-04-25 02:17:59,495 - DEBUG - Importing PalmImagePlugin
2025-04-25 02:17:59,496 - DEBUG - Importing PcdImagePlugin
2025-04-25 02:17:59,497 - DEBUG - Importing PcxImagePlugin
2025-04-25 02:17:59,497 - DEBUG - Importing PdfImagePlugin
2025-04-25 02:17:59,503 - DEBUG - Importing PixarImagePlugin
2025-04-25 02:17:59,503 - DEBUG - Importing PngImagePlugin
2025-04-25 02:17:59,503 - DEBUG - Importing PpmImagePlugin
2025-04-25 02:17:59,503 - DEBUG - Importing PsdImagePlugin
2025-04-25 02:17:59,503 - DEBUG - Importing QoiImagePlugin
2025-04-25 02:17:59,504 - DEBUG - Importing SgiImagePlugin
2025-04-25 02:17:59,504 - DEBUG - Importing SpiderImagePlugin
2025-04-25 02:17:59,505 - DEBUG - Importing SunImagePlugin
2025-04-25 02:17:59,506 - DEBUG - Importing TgaImagePlugin
2025-04-25 02:17:59,506 - DEBUG - Importing TiffImagePlugin
2025-04-25 02:17:59,506 - DEBUG - Importing WebPImagePlugin
2025-04-25 02:17:59,508 - DEBUG - Importing WmfImagePlugin
2025-04-25 02:17:59,508 - DEBUG - Importing XbmImagePlugin
2025-04-25 02:17:59,510 - DEBUG - Importing XpmImagePlugin
2025-04-25 02:17:59,510 - DEBUG - Importing XVThumbImagePlugin
2025-04-25 02:19:22,012 - DEBUG - Importing AvifImagePlugin
2025-04-25 02:19:22,012 - DEBUG - Importing BlpImagePlugin
2025-04-25 02:19:22,013 - DEBUG - Importing BmpImagePlugin
2025-04-25 02:19:22,014 - DEBUG - Importing BufrStubImagePlugin
2025-04-25 02:19:22,014 - DEBUG - Importing CurImagePlugin
2025-04-25 02:19:22,014 - DEBUG - Importing DcxImagePlugin
2025-04-25 02:19:22,015 - DEBUG - Importing DdsImagePlugin
2025-04-25 02:19:22,019 - DEBUG - Importing EpsImagePlugin
2025-04-25 02:19:22,020 - DEBUG - Importing FitsImagePlugin
2025-04-25 02:19:22,020 - DEBUG - Importing FliImagePlugin
2025-04-25 02:19:22,021 - DEBUG - Importing FpxImagePlugin
2025-04-25 02:19:22,021 - DEBUG - Image: failed to import FpxImagePlugin: No module named 'olefile'
2025-04-25 02:19:22,021 - DEBUG - Importing FtexImagePlugin
2025-04-25 02:19:22,022 - DEBUG - Importing GbrImagePlugin
2025-04-25 02:19:22,022 - DEBUG - Importing GifImagePlugin
2025-04-25 02:19:22,022 - DEBUG - Importing GribStubImagePlugin
2025-04-25 02:19:22,023 - DEBUG - Importing Hdf5StubImagePlugin
2025-04-25 02:19:22,023 - DEBUG - Importing IcnsImagePlugin
2025-04-25 02:19:22,024 - DEBUG - Importing IcoImagePlugin
2025-04-25 02:19:22,025 - DEBUG - Importing ImImagePlugin
2025-04-25 02:19:22,026 - DEBUG - Importing ImtImagePlugin
2025-04-25 02:19:22,026 - DEBUG - Importing IptcImagePlugin
2025-04-25 02:19:22,027 - DEBUG - Importing JpegImagePlugin
2025-04-25 02:19:22,027 - DEBUG - Importing Jpeg2KImagePlugin
2025-04-25 02:19:22,027 - DEBUG - Importing McIdasImagePlugin
2025-04-25 02:19:22,027 - DEBUG - Importing MicImagePlugin
2025-04-25 02:19:22,028 - DEBUG - Image: failed to import MicImagePlugin: No module named 'olefile'
2025-04-25 02:19:22,028 - DEBUG - Importing MpegImagePlugin
2025-04-25 02:19:22,028 - DEBUG - Importing MpoImagePlugin
2025-04-25 02:19:22,032 - DEBUG - Importing MspImagePlugin
2025-04-25 02:19:22,032 - DEBUG - Importing PalmImagePlugin
2025-04-25 02:19:22,033 - DEBUG - Importing PcdImagePlugin
2025-04-25 02:19:22,033 - DEBUG - Importing PcxImagePlugin
2025-04-25 02:19:22,033 - DEBUG - Importing PdfImagePlugin
2025-04-25 02:19:22,037 - DEBUG - Importing PixarImagePlugin
2025-04-25 02:19:22,037 - DEBUG - Importing PngImagePlugin
2025-04-25 02:19:22,038 - DEBUG - Importing PpmImagePlugin
2025-04-25 02:19:22,038 - DEBUG - Importing PsdImagePlugin
2025-04-25 02:19:22,038 - DEBUG - Importing QoiImagePlugin
2025-04-25 02:19:22,038 - DEBUG - Importing SgiImagePlugin
2025-04-25 02:19:22,039 - DEBUG - Importing SpiderImagePlugin
2025-04-25 02:19:22,039 - DEBUG - Importing SunImagePlugin
2025-04-25 02:19:22,039 - DEBUG - Importing TgaImagePlugin
2025-04-25 02:19:22,039 - DEBUG - Importing TiffImagePlugin
2025-04-25 02:19:22,039 - DEBUG - Importing WebPImagePlugin
2025-04-25 02:19:22,041 - DEBUG - Importing WmfImagePlugin
2025-04-25 02:19:22,041 - DEBUG - Importing XbmImagePlugin
2025-04-25 02:19:22,042 - DEBUG - Importing XpmImagePlugin
2025-04-25 02:19:22,042 - DEBUG - Importing XVThumbImagePlugin
2025-04-25 02:20:13,284 - DEBUG - Importing AvifImagePlugin
2025-04-25 02:20:13,285 - DEBUG - Importing BlpImagePlugin
2025-04-25 02:20:13,286 - DEBUG - Importing BmpImagePlugin
2025-04-25 02:20:13,286 - DEBUG - Importing BufrStubImagePlugin
2025-04-25 02:20:13,286 - DEBUG - Importing CurImagePlugin
2025-04-25 02:20:13,287 - DEBUG - Importing DcxImagePlugin
2025-04-25 02:20:13,287 - DEBUG - Importing DdsImagePlugin
2025-04-25 02:20:13,291 - DEBUG - Importing EpsImagePlugin
2025-04-25 02:20:13,292 - DEBUG - Importing FitsImagePlugin
2025-04-25 02:20:13,292 - DEBUG - Importing FliImagePlugin
2025-04-25 02:20:13,292 - DEBUG - Importing FpxImagePlugin
2025-04-25 02:20:13,293 - DEBUG - Image: failed to import FpxImagePlugin: No module named 'olefile'
2025-04-25 02:20:13,293 - DEBUG - Importing FtexImagePlugin
2025-04-25 02:20:13,293 - DEBUG - Importing GbrImagePlugin
2025-04-25 02:20:13,293 - DEBUG - Importing GifImagePlugin
2025-04-25 02:20:13,294 - DEBUG - Importing GribStubImagePlugin
2025-04-25 02:20:13,294 - DEBUG - Importing Hdf5StubImagePlugin
2025-04-25 02:20:13,294 - DEBUG - Importing IcnsImagePlugin
2025-04-25 02:20:13,295 - DEBUG - Importing IcoImagePlugin
2025-04-25 02:20:13,296 - DEBUG - Importing ImImagePlugin
2025-04-25 02:20:13,296 - DEBUG - Importing ImtImagePlugin
2025-04-25 02:20:13,297 - DEBUG - Importing IptcImagePlugin
2025-04-25 02:20:13,297 - DEBUG - Importing JpegImagePlugin
2025-04-25 02:20:13,297 - DEBUG - Importing Jpeg2KImagePlugin
2025-04-25 02:20:13,297 - DEBUG - Importing McIdasImagePlugin
2025-04-25 02:20:13,297 - DEBUG - Importing MicImagePlugin
2025-04-25 02:20:13,298 - DEBUG - Image: failed to import MicImagePlugin: No module named 'olefile'
2025-04-25 02:20:13,298 - DEBUG - Importing MpegImagePlugin
2025-04-25 02:20:13,298 - DEBUG - Importing MpoImagePlugin
2025-04-25 02:20:13,302 - DEBUG - Importing MspImagePlugin
2025-04-25 02:20:13,302 - DEBUG - Importing PalmImagePlugin
2025-04-25 02:20:13,303 - DEBUG - Importing PcdImagePlugin
2025-04-25 02:20:13,303 - DEBUG - Importing PcxImagePlugin
2025-04-25 02:20:13,303 - DEBUG - Importing PdfImagePlugin
2025-04-25 02:20:13,309 - DEBUG - Importing PixarImagePlugin
2025-04-25 02:20:13,310 - DEBUG - Importing PngImagePlugin
2025-04-25 02:20:13,310 - DEBUG - Importing PpmImagePlugin
2025-04-25 02:20:13,310 - DEBUG - Importing PsdImagePlugin
2025-04-25 02:20:13,310 - DEBUG - Importing QoiImagePlugin
2025-04-25 02:20:13,311 - DEBUG - Importing SgiImagePlugin
2025-04-25 02:20:13,311 - DEBUG - Importing SpiderImagePlugin
2025-04-25 02:20:13,311 - DEBUG - Importing SunImagePlugin
2025-04-25 02:20:13,312 - DEBUG - Importing TgaImagePlugin
2025-04-25 02:20:13,312 - DEBUG - Importing TiffImagePlugin
2025-04-25 02:20:13,312 - DEBUG - Importing WebPImagePlugin
2025-04-25 02:20:13,313 - DEBUG - Importing WmfImagePlugin
2025-04-25 02:20:13,313 - DEBUG - Importing XbmImagePlugin
2025-04-25 02:20:13,314 - DEBUG - Importing XpmImagePlugin
2025-04-25 02:20:13,314 - DEBUG - Importing XVThumbImagePlugin
2025-04-25 02:20:54,169 - DEBUG - Importing AvifImagePlugin
2025-04-25 02:20:54,169 - DEBUG - Importing BlpImagePlugin
2025-04-25 02:20:54,170 - DEBUG - Importing BmpImagePlugin
2025-04-25 02:20:54,170 - DEBUG - Importing BufrStubImagePlugin
2025-04-25 02:20:54,170 - DEBUG - Importing CurImagePlugin
2025-04-25 02:20:54,171 - DEBUG - Importing DcxImagePlugin
2025-04-25 02:20:54,171 - DEBUG - Importing DdsImagePlugin
2025-04-25 02:20:54,174 - DEBUG - Importing EpsImagePlugin
2025-04-25 02:20:54,175 - DEBUG - Importing FitsImagePlugin
2025-04-25 02:20:54,175 - DEBUG - Importing FliImagePlugin
2025-04-25 02:20:54,176 - DEBUG - Importing FpxImagePlugin
2025-04-25 02:20:54,176 - DEBUG - Image: failed to import FpxImagePlugin: No module named 'olefile'
2025-04-25 02:20:54,176 - DEBUG - Importing FtexImagePlugin
2025-04-25 02:20:54,176 - DEBUG - Importing GbrImagePlugin
2025-04-25 02:20:54,177 - DEBUG - Importing GifImagePlugin
2025-04-25 02:20:54,177 - DEBUG - Importing GribStubImagePlugin
2025-04-25 02:20:54,177 - DEBUG - Importing Hdf5StubImagePlugin
2025-04-25 02:20:54,177 - DEBUG - Importing IcnsImagePlugin
2025-04-25 02:20:54,178 - DEBUG - Importing IcoImagePlugin
2025-04-25 02:20:54,179 - DEBUG - Importing ImImagePlugin
2025-04-25 02:20:54,179 - DEBUG - Importing ImtImagePlugin
2025-04-25 02:20:54,179 - DEBUG - Importing IptcImagePlugin
2025-04-25 02:20:54,180 - DEBUG - Importing JpegImagePlugin
2025-04-25 02:20:54,180 - DEBUG - Importing Jpeg2KImagePlugin
2025-04-25 02:20:54,180 - DEBUG - Importing McIdasImagePlugin
2025-04-25 02:20:54,180 - DEBUG - Importing MicImagePlugin
2025-04-25 02:20:54,181 - DEBUG - Image: failed to import MicImagePlugin: No module named 'olefile'
2025-04-25 02:20:54,181 - DEBUG - Importing MpegImagePlugin
2025-04-25 02:20:54,181 - DEBUG - Importing MpoImagePlugin
2025-04-25 02:20:54,185 - DEBUG - Importing MspImagePlugin
2025-04-25 02:20:54,185 - DEBUG - Importing PalmImagePlugin
2025-04-25 02:20:54,186 - DEBUG - Importing PcdImagePlugin
2025-04-25 02:20:54,186 - DEBUG - Importing PcxImagePlugin
2025-04-25 02:20:54,186 - DEBUG - Importing PdfImagePlugin
2025-04-25 02:20:54,191 - DEBUG - Importing PixarImagePlugin
2025-04-25 02:20:54,191 - DEBUG - Importing PngImagePlugin
2025-04-25 02:20:54,191 - DEBUG - Importing PpmImagePlugin
2025-04-25 02:20:54,191 - DEBUG - Importing PsdImagePlugin
2025-04-25 02:20:54,191 - DEBUG - Importing QoiImagePlugin
2025-04-25 02:20:54,191 - DEBUG - Importing SgiImagePlugin
2025-04-25 02:20:54,192 - DEBUG - Importing SpiderImagePlugin
2025-04-25 02:20:54,192 - DEBUG - Importing SunImagePlugin
2025-04-25 02:20:54,192 - DEBUG - Importing TgaImagePlugin
2025-04-25 02:20:54,192 - DEBUG - Importing TiffImagePlugin
2025-04-25 02:20:54,193 - DEBUG - Importing WebPImagePlugin
2025-04-25 02:20:54,193 - DEBUG - Importing WmfImagePlugin
2025-04-25 02:20:54,194 - DEBUG - Importing XbmImagePlugin
2025-04-25 02:20:54,194 - DEBUG - Importing XpmImagePlugin
2025-04-25 02:20:54,195 - DEBUG - Importing XVThumbImagePlugin
2025-04-25 02:21:43,245 - DEBUG - Importing AvifImagePlugin
2025-04-25 02:21:43,246 - DEBUG - Importing BlpImagePlugin
2025-04-25 02:21:43,247 - DEBUG - Importing BmpImagePlugin
2025-04-25 02:21:43,247 - DEBUG - Importing BufrStubImagePlugin
2025-04-25 02:21:43,247 - DEBUG - Importing CurImagePlugin
2025-04-25 02:21:43,247 - DEBUG - Importing DcxImagePlugin
2025-04-25 02:21:43,248 - DEBUG - Importing DdsImagePlugin
2025-04-25 02:21:43,251 - DEBUG - Importing EpsImagePlugin
2025-04-25 02:21:43,252 - DEBUG - Importing FitsImagePlugin
2025-04-25 02:21:43,252 - DEBUG - Importing FliImagePlugin
2025-04-25 02:21:43,252 - DEBUG - Importing FpxImagePlugin
2025-04-25 02:21:43,253 - DEBUG - Image: failed to import FpxImagePlugin: No module named 'olefile'
2025-04-25 02:21:43,253 - DEBUG - Importing FtexImagePlugin
2025-04-25 02:21:43,254 - DEBUG - Importing GbrImagePlugin
2025-04-25 02:21:43,254 - DEBUG - Importing GifImagePlugin
2025-04-25 02:21:43,254 - DEBUG - Importing GribStubImagePlugin
2025-04-25 02:21:43,254 - DEBUG - Importing Hdf5StubImagePlugin
2025-04-25 02:21:43,255 - DEBUG - Importing IcnsImagePlugin
2025-04-25 02:21:43,256 - DEBUG - Importing IcoImagePlugin
2025-04-25 02:21:43,256 - DEBUG - Importing ImImagePlugin
2025-04-25 02:21:43,257 - DEBUG - Importing ImtImagePlugin
2025-04-25 02:21:43,258 - DEBUG - Importing IptcImagePlugin
2025-04-25 02:21:43,258 - DEBUG - Importing JpegImagePlugin
2025-04-25 02:21:43,258 - DEBUG - Importing Jpeg2KImagePlugin
2025-04-25 02:21:43,258 - DEBUG - Importing McIdasImagePlugin
2025-04-25 02:21:43,258 - DEBUG - Importing MicImagePlugin
2025-04-25 02:21:43,259 - DEBUG - Image: failed to import MicImagePlugin: No module named 'olefile'
2025-04-25 02:21:43,259 - DEBUG - Importing MpegImagePlugin
2025-04-25 02:21:43,259 - DEBUG - Importing MpoImagePlugin
2025-04-25 02:21:43,262 - DEBUG - Importing MspImagePlugin
2025-04-25 02:21:43,262 - DEBUG - Importing PalmImagePlugin
2025-04-25 02:21:43,263 - DEBUG - Importing PcdImagePlugin
2025-04-25 02:21:43,263 - DEBUG - Importing PcxImagePlugin
2025-04-25 02:21:43,263 - DEBUG - Importing PdfImagePlugin
2025-04-25 02:21:43,267 - DEBUG - Importing PixarImagePlugin
2025-04-25 02:21:43,267 - DEBUG - Importing PngImagePlugin
2025-04-25 02:21:43,267 - DEBUG - Importing PpmImagePlugin
2025-04-25 02:21:43,268 - DEBUG - Importing PsdImagePlugin
2025-04-25 02:21:43,268 - DEBUG - Importing QoiImagePlugin
2025-04-25 02:21:43,268 - DEBUG - Importing SgiImagePlugin
2025-04-25 02:21:43,269 - DEBUG - Importing SpiderImagePlugin
2025-04-25 02:21:43,269 - DEBUG - Importing SunImagePlugin
2025-04-25 02:21:43,269 - DEBUG - Importing TgaImagePlugin
2025-04-25 02:21:43,270 - DEBUG - Importing TiffImagePlugin
2025-04-25 02:21:43,270 - DEBUG - Importing WebPImagePlugin
2025-04-25 02:21:43,271 - DEBUG - Importing WmfImagePlugin
2025-04-25 02:21:43,271 - DEBUG - Importing XbmImagePlugin
2025-04-25 02:21:43,272 - DEBUG - Importing XpmImagePlugin
2025-04-25 02:21:43,272 - DEBUG - Importing XVThumbImagePlugin
2025-04-25 02:21:53,389 - DEBUG - Importing AvifImagePlugin
2025-04-25 02:21:53,390 - DEBUG - Importing BlpImagePlugin
2025-04-25 02:21:53,391 - DEBUG - Importing BmpImagePlugin
2025-04-25 02:21:53,391 - DEBUG - Importing BufrStubImagePlugin
2025-04-25 02:21:53,391 - DEBUG - Importing CurImagePlugin
2025-04-25 02:21:53,392 - DEBUG - Importing DcxImagePlugin
2025-04-25 02:21:53,392 - DEBUG - Importing DdsImagePlugin
2025-04-25 02:21:53,396 - DEBUG - Importing EpsImagePlugin
2025-04-25 02:21:53,397 - DEBUG - Importing FitsImagePlugin
2025-04-25 02:21:53,397 - DEBUG - Importing FliImagePlugin
2025-04-25 02:21:53,398 - DEBUG - Importing FpxImagePlugin
2025-04-25 02:21:53,398 - DEBUG - Image: failed to import FpxImagePlugin: No module named 'olefile'
2025-04-25 02:21:53,398 - DEBUG - Importing FtexImagePlugin
2025-04-25 02:21:53,399 - DEBUG - Importing GbrImagePlugin
2025-04-25 02:21:53,399 - DEBUG - Importing GifImagePlugin
2025-04-25 02:21:53,399 - DEBUG - Importing GribStubImagePlugin
2025-04-25 02:21:53,399 - DEBUG - Importing Hdf5StubImagePlugin
2025-04-25 02:21:53,399 - DEBUG - Importing IcnsImagePlugin
2025-04-25 02:21:53,400 - DEBUG - Importing IcoImagePlugin
2025-04-25 02:21:53,401 - DEBUG - Importing ImImagePlugin
2025-04-25 02:21:53,402 - DEBUG - Importing ImtImagePlugin
2025-04-25 02:21:53,402 - DEBUG - Importing IptcImagePlugin
2025-04-25 02:21:53,402 - DEBUG - Importing JpegImagePlugin
2025-04-25 02:21:53,402 - DEBUG - Importing Jpeg2KImagePlugin
2025-04-25 02:21:53,403 - DEBUG - Importing McIdasImagePlugin
2025-04-25 02:21:53,403 - DEBUG - Importing MicImagePlugin
2025-04-25 02:21:53,403 - DEBUG - Image: failed to import MicImagePlugin: No module named 'olefile'
2025-04-25 02:21:53,403 - DEBUG - Importing MpegImagePlugin
2025-04-25 02:21:53,403 - DEBUG - Importing MpoImagePlugin
2025-04-25 02:21:53,406 - DEBUG - Importing MspImagePlugin
2025-04-25 02:21:53,407 - DEBUG - Importing PalmImagePlugin
2025-04-25 02:21:53,407 - DEBUG - Importing PcdImagePlugin
2025-04-25 02:21:53,408 - DEBUG - Importing PcxImagePlugin
2025-04-25 02:21:53,408 - DEBUG - Importing PdfImagePlugin
2025-04-25 02:21:53,412 - DEBUG - Importing PixarImagePlugin
2025-04-25 02:21:53,412 - DEBUG - Importing PngImagePlugin
2025-04-25 02:21:53,412 - DEBUG - Importing PpmImagePlugin
2025-04-25 02:21:53,412 - DEBUG - Importing PsdImagePlugin
2025-04-25 02:21:53,412 - DEBUG - Importing QoiImagePlugin
2025-04-25 02:21:53,413 - DEBUG - Importing SgiImagePlugin
2025-04-25 02:21:53,413 - DEBUG - Importing SpiderImagePlugin
2025-04-25 02:21:53,413 - DEBUG - Importing SunImagePlugin
2025-04-25 02:21:53,413 - DEBUG - Importing TgaImagePlugin
2025-04-25 02:21:53,414 - DEBUG - Importing TiffImagePlugin
2025-04-25 02:21:53,414 - DEBUG - Importing WebPImagePlugin
2025-04-25 02:21:53,414 - DEBUG - Importing WmfImagePlugin
2025-04-25 02:21:53,415 - DEBUG - Importing XbmImagePlugin
2025-04-25 02:21:53,415 - DEBUG - Importing XpmImagePlugin
2025-04-25 02:21:53,416 - DEBUG - Importing XVThumbImagePlugin
